Tue Oct 17 2017 17:10:14 GMT-0500 (CDT): GET /
Tue Oct 17 2017 17:10:23 GMT-0500 (CDT): GET /about
Tue Oct 17 2017 17:15:14 GMT-0500 (CDT): GET /
Tue Oct 17 2017 17:15:27 GMT-0500 (CDT): GET /about
Wed Oct 18 2017 22:45:25 GMT-0500 (CDT): GET /
Wed Oct 18 2017 22:46:46 GMT-0500 (CDT): GET /
Wed Oct 18 2017 22:46:53 GMT-0500 (CDT): GET /projects
Wed Oct 18 2017 22:47:26 GMT-0500 (CDT): GET /projects
Wed Oct 18 2017 22:47:29 GMT-0500 (CDT): GET /
Wed Oct 18 2017 22:47:30 GMT-0500 (CDT): GET /about
Wed Oct 18 2017 22:48:11 GMT-0500 (CDT): GET /about
Wed Oct 18 2017 22:48:21 GMT-0500 (CDT): GET /about
Wed Oct 18 2017 22:48:27 GMT-0500 (CDT): GET /projects
Wed Oct 18 2017 22:48:28 GMT-0500 (CDT): GET /
Wed Oct 18 2017 22:48:30 GMT-0500 (CDT): GET /about
Wed Oct 18 2017 22:48:31 GMT-0500 (CDT): GET /projects
Wed Oct 18 2017 22:52:53 GMT-0500 (CDT): GET /projects
Wed Oct 18 2017 22:52:55 GMT-0500 (CDT): GET /projects
Wed Oct 18 2017 22:52:56 GMT-0500 (CDT): GET /projects
Wed Oct 18 2017 22:52:56 GMT-0500 (CDT): GET /projects
Wed Oct 18 2017 22:52:56 GMT-0500 (CDT): GET /projects
Wed Oct 18 2017 22:53:16 GMT-0500 (CDT): GET /projects
Wed Oct 18 2017 22:53:18 GMT-0500 (CDT): GET /projects
Wed Oct 18 2017 22:53:19 GMT-0500 (CDT): GET /projects
Wed Oct 18 2017 22:53:19 GMT-0500 (CDT): GET /projects
Wed Oct 18 2017 22:53:22 GMT-0500 (CDT): GET /about
Wed Oct 18 2017 22:53:24 GMT-0500 (CDT): GET /about
Wed Oct 18 2017 22:53:25 GMT-0500 (CDT): GET /projects
Wed Oct 18 2017 22:53:27 GMT-0500 (CDT): GET /projects
Wed Oct 18 2017 22:54:26 GMT-0500 (CDT): GET /projects
Wed Oct 18 2017 22:54:54 GMT-0500 (CDT): GET /projects
Wed Oct 18 2017 22:55:21 GMT-0500 (CDT): GET /projects
Wed Oct 18 2017 22:55:50 GMT-0500 (CDT): GET /projects
Wed Oct 18 2017 22:55:51 GMT-0500 (CDT): GET /projects
Wed Oct 18 2017 22:57:28 GMT-0500 (CDT): GET /projects
